<?xml version="1.0" encoding="UTF-8" ?>
<testsuite tests="3" failures="0" name="edu.eci.pdsw.samples.tests.EntradasForoTest" time="0.2" errors="3" skipped="0">
  <properties>
    <property name="java.runtime.name" value="Java(TM) SE Runtime Environment"/>
    <property name="sun.boot.library.path" value="/usr/local/java/jdk1.8.0_77/jre/lib/amd64"/>
    <property name="java.vm.version" value="25.77-b03"/>
    <property name="java.vm.vendor" value="Oracle Corporation"/>
    <property name="java.vendor.url" value="http://java.oracle.com/"/>
    <property name="path.separator" value=":"/>
    <property name="guice.disable.misplaced.annotation.check" value="true"/>
    <property name="java.vm.name" value="Java HotSpot(TM) 64-Bit Server VM"/>
    <property name="file.encoding.pkg" value="sun.io"/>
    <property name="user.country" value="US"/>
    <property name="sun.java.launcher" value="SUN_STANDARD"/>
    <property name="sun.os.patch.level" value="unknown"/>
    <property name="java.vm.specification.name" value="Java Virtual Machine Specification"/>
    <property name="user.dir" value="/home/local/LABINFO/2106796/Downloads/EjercicioClicleciCristian/ProyectoBase"/>
    <property name="java.runtime.version" value="1.8.0_77-b03"/>
    <property name="java.awt.graphicsenv" value="sun.awt.X11GraphicsEnvironment"/>
    <property name="java.endorsed.dirs" value="/usr/local/java/jdk1.8.0_77/jre/lib/endorsed"/>
    <property name="os.arch" value="amd64"/>
    <property name="java.io.tmpdir" value="/tmp"/>
    <property name="line.separator" value="
"/>
    <property name="java.vm.specification.vendor" value="Oracle Corporation"/>
    <property name="os.name" value="Linux"/>
    <property name="maven.ext.class.path" value="/usr/local/netbeans-8.1/java/maven-nblib/netbeans-eventspy.jar"/>
    <property name="classworlds.conf" value="/usr/local/netbeans-8.1/java/maven/bin/m2.conf"/>
    <property name="sun.jnu.encoding" value="UTF-8"/>
    <property name="java.library.path" value="/usr/local/java/jdk1.8.0_77/jre/lib/amd64:/usr/local/java/jdk1.8.0_77/jre/lib/i386::/usr/java/packages/lib/amd64:/usr/lib64:/lib64:/lib:/usr/lib"/>
    <property name="java.specification.name" value="Java Platform API Specification"/>
    <property name="java.class.version" value="52.0"/>
    <property name="sun.management.compiler" value="HotSpot 64-Bit Tiered Compilers"/>
    <property name="os.version" value="3.19.0-32-generic"/>
    <property name="user.home" value="/home/local/LABINFO/2106796"/>
    <property name="user.timezone" value="America/Bogota"/>
    <property name="java.awt.printerjob" value="sun.print.PSPrinterJob"/>
    <property name="file.encoding" value="UTF-8"/>
    <property name="java.specification.version" value="1.8"/>
    <property name="user.name" value="2106796"/>
    <property name="java.class.path" value="/usr/local/netbeans-8.1/java/maven/boot/plexus-classworlds-2.4.jar"/>
    <property name="java.vm.specification.version" value="1.8"/>
    <property name="sun.arch.data.model" value="64"/>
    <property name="java.home" value="/usr/local/java/jdk1.8.0_77/jre"/>
    <property name="sun.java.command" value="org.codehaus.plexus.classworlds.launcher.Launcher -Dmaven.ext.class.path=/usr/local/netbeans-8.1/java/maven-nblib/netbeans-eventspy.jar test"/>
    <property name="java.specification.vendor" value="Oracle Corporation"/>
    <property name="user.language" value="en"/>
    <property name="awt.toolkit" value="sun.awt.X11.XToolkit"/>
    <property name="java.vm.info" value="mixed mode"/>
    <property name="java.version" value="1.8.0_77"/>
    <property name="java.ext.dirs" value="/usr/local/java/jdk1.8.0_77/jre/lib/ext:/usr/java/packages/lib/ext"/>
    <property name="securerandom.source" value="file:/dev/./urandom"/>
    <property name="sun.boot.class.path" value="/usr/local/java/jdk1.8.0_77/jre/lib/resources.jar:/usr/local/java/jdk1.8.0_77/jre/lib/rt.jar:/usr/local/java/jdk1.8.0_77/jre/lib/sunrsasign.jar:/usr/local/java/jdk1.8.0_77/jre/lib/jsse.jar:/usr/local/java/jdk1.8.0_77/jre/lib/jce.jar:/usr/local/java/jdk1.8.0_77/jre/lib/charsets.jar:/usr/local/java/jdk1.8.0_77/jre/lib/jfr.jar:/usr/local/java/jdk1.8.0_77/jre/classes"/>
    <property name="java.vendor" value="Oracle Corporation"/>
    <property name="maven.home" value="/usr/local/netbeans-8.1/java/maven"/>
    <property name="file.separator" value="/"/>
    <property name="java.vendor.url.bug" value="http://bugreport.sun.com/bugreport/"/>
    <property name="sun.cpu.endian" value="little"/>
    <property name="sun.io.unicode.encoding" value="UnicodeLittle"/>
    <property name="sun.desktop" value="gnome"/>
    <property name="sun.cpu.isalist" value=""/>
  </properties>
  <testcase classname="edu.eci.pdsw.samples.tests.EntradasForoTest" name="deberiaConsultarTodasLasEntradasForo" time="0.167">
    <error type="java.lang.ExceptionInInitializerError">java.lang.ExceptionInInitializerError
	at edu.eci.pdsw.samples.tests.EntradasForoTest.setUp(EntradasForoTest.java:80)
	at sun.reflect.NativeMethodAccessorImpl.invoke0(Native Method)
	at sun.reflect.NativeMethodAccessorImpl.invoke(NativeMethodAccessorImpl.java:62)
	at sun.reflect.DelegatingMethodAccessorImpl.invoke(DelegatingMethodAccessorImpl.java:43)
	at java.lang.reflect.Method.invoke(Method.java:498)
	at org.junit.runners.model.FrameworkMethod$1.runReflectiveCall(FrameworkMethod.java:50)
	at org.junit.internal.runners.model.ReflectiveCallable.run(ReflectiveCallable.java:12)
	at org.junit.runners.model.FrameworkMethod.invokeExplosively(FrameworkMethod.java:47)
	at org.junit.internal.runners.statements.RunBefores.evaluate(RunBefores.java:24)
	at org.junit.runners.ParentRunner.runLeaf(ParentRunner.java:325)
	at org.junit.runners.BlockJUnit4ClassRunner.runChild(BlockJUnit4ClassRunner.java:78)
	at org.junit.runners.BlockJUnit4ClassRunner.runChild(BlockJUnit4ClassRunner.java:57)
	at org.junit.runners.ParentRunner$3.run(ParentRunner.java:290)
	at org.junit.runners.ParentRunner$1.schedule(ParentRunner.java:71)
	at org.junit.runners.ParentRunner.runChildren(ParentRunner.java:288)
	at org.junit.runners.ParentRunner.access$000(ParentRunner.java:58)
	at org.junit.runners.ParentRunner$2.evaluate(ParentRunner.java:268)
	at org.junit.runners.ParentRunner.run(ParentRunner.java:363)
	at org.apache.maven.surefire.junit4.JUnit4TestSet.execute(JUnit4TestSet.java:53)
	at org.apache.maven.surefire.junit4.JUnit4Provider.executeTestSet(JUnit4Provider.java:123)
	at org.apache.maven.surefire.junit4.JUnit4Provider.invoke(JUnit4Provider.java:104)
	at sun.reflect.NativeMethodAccessorImpl.invoke0(Native Method)
	at sun.reflect.NativeMethodAccessorImpl.invoke(NativeMethodAccessorImpl.java:62)
	at sun.reflect.DelegatingMethodAccessorImpl.invoke(DelegatingMethodAccessorImpl.java:43)
	at java.lang.reflect.Method.invoke(Method.java:498)
	at org.apache.maven.surefire.util.ReflectionUtils.invokeMethodWithArray(ReflectionUtils.java:164)
	at org.apache.maven.surefire.booter.ProviderFactory$ProviderProxy.invoke(ProviderFactory.java:110)
	at org.apache.maven.surefire.booter.SurefireStarter.invokeProvider(SurefireStarter.java:175)
	at org.apache.maven.surefire.booter.SurefireStarter.runSuitesInProcessWhenForked(SurefireStarter.java:107)
	at org.apache.maven.surefire.booter.ForkedBooter.main(ForkedBooter.java:68)
Caused by: org.apache.ibatis.exceptions.PersistenceException: 
### Error building SqlSession.
### The error may exist in mappers/EntradaForoMapper.xml
### The error occurred while processing mapper_resultMap[EntradaForoResult]
### Cause: org.apache.ibatis.builder.BuilderException: Error parsing SQL Mapper Configuration. Cause: org.apache.ibatis.builder.BuilderException: Error parsing Mapper XML. Cause: org.apache.ibatis.builder.BuilderException: Error resolving class. Cause: org.apache.ibatis.type.TypeException: Could not resolve type alias &apos;EntradaForo&apos;.  Cause: java.lang.ClassNotFoundException: Cannot find class: EntradaForo
	at org.apache.ibatis.exceptions.ExceptionFactory.wrapException(ExceptionFactory.java:26)
	at org.apache.ibatis.session.SqlSessionFactoryBuilder.build(SqlSessionFactoryBuilder.java:82)
	at org.apache.ibatis.session.SqlSessionFactoryBuilder.build(SqlSessionFactoryBuilder.java:66)
	at edu.eci.pdsw.samples.persistence.mybatisimpl.MyBatisDaoFactory.getSqlSessionFactory(MyBatisDaoFactory.java:68)
	at edu.eci.pdsw.samples.persistence.mybatisimpl.MyBatisDaoFactory.&lt;init&gt;(MyBatisDaoFactory.java:49)
	at edu.eci.pdsw.samples.persistence.DaoFactory.getInstance(DaoFactory.java:41)
	at edu.eci.pdsw.samples.services.ServiciosForoDAOStub.&lt;init&gt;(ServiciosForoDAOStub.java:59)
	at edu.eci.pdsw.samples.services.ServiciosForo.&lt;clinit&gt;(ServiciosForo.java:36)
	... 30 more
Caused by: org.apache.ibatis.builder.BuilderException: Error parsing SQL Mapper Configuration. Cause: org.apache.ibatis.builder.BuilderException: Error parsing Mapper XML. Cause: org.apache.ibatis.builder.BuilderException: Error resolving class. Cause: org.apache.ibatis.type.TypeException: Could not resolve type alias &apos;EntradaForo&apos;.  Cause: java.lang.ClassNotFoundException: Cannot find class: EntradaForo
	at org.apache.ibatis.builder.xml.XMLConfigBuilder.parseConfiguration(XMLConfigBuilder.java:109)
	at org.apache.ibatis.builder.xml.XMLConfigBuilder.parse(XMLConfigBuilder.java:92)
	at org.apache.ibatis.session.SqlSessionFactoryBuilder.build(SqlSessionFactoryBuilder.java:80)
	... 36 more
Caused by: org.apache.ibatis.builder.BuilderException: Error parsing Mapper XML. Cause: org.apache.ibatis.builder.BuilderException: Error resolving class. Cause: org.apache.ibatis.type.TypeException: Could not resolve type alias &apos;EntradaForo&apos;.  Cause: java.lang.ClassNotFoundException: Cannot find class: EntradaForo
	at org.apache.ibatis.builder.xml.XMLMapperBuilder.configurationElement(XMLMapperBuilder.java:120)
	at org.apache.ibatis.builder.xml.XMLMapperBuilder.parse(XMLMapperBuilder.java:92)
	at org.apache.ibatis.builder.xml.XMLConfigBuilder.mapperElement(XMLConfigBuilder.java:322)
	at org.apache.ibatis.builder.xml.XMLConfigBuilder.parseConfiguration(XMLConfigBuilder.java:107)
	... 38 more
Caused by: org.apache.ibatis.builder.BuilderException: Error resolving class. Cause: org.apache.ibatis.type.TypeException: Could not resolve type alias &apos;EntradaForo&apos;.  Cause: java.lang.ClassNotFoundException: Cannot find class: EntradaForo
	at org.apache.ibatis.builder.BaseBuilder.resolveClass(BaseBuilder.java:103)
	at org.apache.ibatis.builder.xml.XMLMapperBuilder.resultMapElement(XMLMapperBuilder.java:264)
	at org.apache.ibatis.builder.xml.XMLMapperBuilder.resultMapElement(XMLMapperBuilder.java:251)
	at org.apache.ibatis.builder.xml.XMLMapperBuilder.resultMapElements(XMLMapperBuilder.java:243)
	at org.apache.ibatis.builder.xml.XMLMapperBuilder.configurationElement(XMLMapperBuilder.java:116)
	... 41 more
Caused by: org.apache.ibatis.type.TypeException: Could not resolve type alias &apos;EntradaForo&apos;.  Cause: java.lang.ClassNotFoundException: Cannot find class: EntradaForo
	at org.apache.ibatis.type.TypeAliasRegistry.resolveAlias(TypeAliasRegistry.java:117)
	at org.apache.ibatis.builder.BaseBuilder.resolveAlias(BaseBuilder.java:130)
	at org.apache.ibatis.builder.BaseBuilder.resolveClass(BaseBuilder.java:101)
	... 45 more
Caused by: java.lang.ClassNotFoundException: Cannot find class: EntradaForo
	at org.apache.ibatis.io.ClassLoaderWrapper.classForName(ClassLoaderWrapper.java:190)
	at org.apache.ibatis.io.ClassLoaderWrapper.classForName(ClassLoaderWrapper.java:89)
	at org.apache.ibatis.io.Resources.classForName(Resources.java:256)
	at org.apache.ibatis.type.TypeAliasRegistry.resolveAlias(TypeAliasRegistry.java:113)
	... 47 more
</error>
    <system-out>log4j: Parsing for [root] with value=[DEBUG].
log4j: Level token is [DEBUG].
log4j: Category root set to DEBUG
log4j: Parsing for [com.ibatis] with value=[DEBUG, psc-debug].
log4j: Level token is [DEBUG].
log4j: Category com.ibatis set to DEBUG
log4j: Parsing appender named &quot;psc-debug&quot;.
log4j: Parsing layout options for &quot;psc-debug&quot;.
log4j: Setting property [conversionPattern] to [[%d{HH:mm:ss}] %-5p %c{3} %x - %m%n].
log4j: End of parsing for &quot;psc-debug&quot;.
log4j: Parsed &quot;psc-debug&quot; options.
log4j: Handling log4j.additivity.com.ibatis=[null]
log4j: Parsing for [java.sql.PreparedStatement] with value=[DEBUG, psc-debug].
log4j: Level token is [DEBUG].
log4j: Category java.sql.PreparedStatement set to DEBUG
log4j: Parsing appender named &quot;psc-debug&quot;.
log4j: Appender &quot;psc-debug&quot; was already parsed.
log4j: Handling log4j.additivity.java.sql.PreparedStatement=[null]
log4j: Parsing for [com.ibatis.sqlmap.engine.impl.SqlMapClientDelegate] with value=[DEBUG, psc-debug].
log4j: Level token is [DEBUG].
log4j: Category com.ibatis.sqlmap.engine.impl.SqlMapClientDelegate set to DEBUG
log4j: Parsing appender named &quot;psc-debug&quot;.
log4j: Appender &quot;psc-debug&quot; was already parsed.
log4j: Handling log4j.additivity.com.ibatis.sqlmap.engine.impl.SqlMapClientDelegate=[null]
log4j: Parsing for [br.danilo.psc.exceptions] with value=[ERROR, psc-error].
log4j: Level token is [ERROR].
log4j: Category br.danilo.psc.exceptions set to ERROR
log4j: Parsing appender named &quot;psc-error&quot;.
log4j: Parsing layout options for &quot;psc-error&quot;.
log4j: Setting property [conversionPattern] to [%d{dd/MM/yyyy HH:mm:ss,SSS} [%-5p] %m %n].
log4j: End of parsing for &quot;psc-error&quot;.
log4j: Setting property [file] to [c:\log-psc\error\log-error.log].
log4j: Setting property [maxFileSize] to [1200KB].
log4j: Setting property [maxBackupIndex] to [40].
log4j: setFile called: c:\log-psc\error\log-error.log, true
log4j: setFile ended
log4j: Parsed &quot;psc-error&quot; options.
log4j: Handling log4j.additivity.br.danilo.psc.exceptions=[null]
log4j: Parsing for [java.sql.Statement] with value=[DEBUG, psc-debug].
log4j: Level token is [DEBUG].
log4j: Category java.sql.Statement set to DEBUG
log4j: Parsing appender named &quot;psc-debug&quot;.
log4j: Appender &quot;psc-debug&quot; was already parsed.
log4j: Handling log4j.additivity.java.sql.Statement=[null]
log4j: Parsing for [com.ibatis.common.jdbc.SimpleDataSource] with value=[DEBUG, psc-debug].
log4j: Level token is [DEBUG].
log4j: Category com.ibatis.common.jdbc.SimpleDataSource set to DEBUG
log4j: Parsing appender named &quot;psc-debug&quot;.
log4j: Appender &quot;psc-debug&quot; was already parsed.
log4j: Handling log4j.additivity.com.ibatis.common.jdbc.SimpleDataSource=[null]
log4j: Parsing for [br.danilo.psc] with value=[DEBUG, psc-debug].
log4j: Level token is [DEBUG].
log4j: Category br.danilo.psc set to DEBUG
log4j: Parsing appender named &quot;psc-debug&quot;.
log4j: Appender &quot;psc-debug&quot; was already parsed.
log4j: Handling log4j.additivity.br.danilo.psc=[null]
log4j: Parsing for [java.sql.ResultSet] with value=[DEBUG, psc-debug].
log4j: Level token is [DEBUG].
log4j: Category java.sql.ResultSet set to DEBUG
log4j: Parsing appender named &quot;psc-debug&quot;.
log4j: Appender &quot;psc-debug&quot; was already parsed.
log4j: Handling log4j.additivity.java.sql.ResultSet=[null]
log4j: Parsing for [com.ibatis.common.jdbc.ScriptRunner] with value=[DEBUG, psc-debug].
log4j: Level token is [DEBUG].
log4j: Category com.ibatis.common.jdbc.ScriptRunner set to DEBUG
log4j: Parsing appender named &quot;psc-debug&quot;.
log4j: Appender &quot;psc-debug&quot; was already parsed.
log4j: Handling log4j.additivity.com.ibatis.common.jdbc.ScriptRunner=[null]
log4j: Parsing for [java.sql.Connection] with value=[DEBUG, psc-debug].
log4j: Level token is [DEBUG].
log4j: Category java.sql.Connection set to DEBUG
log4j: Parsing appender named &quot;psc-debug&quot;.
log4j: Appender &quot;psc-debug&quot; was already parsed.
log4j: Handling log4j.additivity.java.sql.Connection=[null]
log4j: Finished configuring.
</system-out>
    <system-err>log4j:WARN No appenders could be found for logger (org.apache.ibatis.logging.LogFactory).
log4j:WARN Please initialize the log4j system properly.
log4j:WARN See http://logging.apache.org/log4j/1.2/faq.html#noconfig for more info.
</system-err>
  </testcase>
  <testcase classname="edu.eci.pdsw.samples.tests.EntradasForoTest" name="consultarEntradaConIdInexistente" time="0.001">
    <error message="Could not initialize class edu.eci.pdsw.samples.services.ServiciosForoDAOStub" type="java.lang.NoClassDefFoundError">java.lang.NoClassDefFoundError: Could not initialize class edu.eci.pdsw.samples.services.ServiciosForoDAOStub
	at edu.eci.pdsw.samples.tests.EntradasForoTest.setUp(EntradasForoTest.java:80)
	at sun.reflect.NativeMethodAccessorImpl.invoke0(Native Method)
	at sun.reflect.NativeMethodAccessorImpl.invoke(NativeMethodAccessorImpl.java:62)
	at sun.reflect.DelegatingMethodAccessorImpl.invoke(DelegatingMethodAccessorImpl.java:43)
	at java.lang.reflect.Method.invoke(Method.java:498)
	at org.junit.runners.model.FrameworkMethod$1.runReflectiveCall(FrameworkMethod.java:50)
	at org.junit.internal.runners.model.ReflectiveCallable.run(ReflectiveCallable.java:12)
	at org.junit.runners.model.FrameworkMethod.invokeExplosively(FrameworkMethod.java:47)
	at org.junit.internal.runners.statements.RunBefores.evaluate(RunBefores.java:24)
	at org.junit.runners.ParentRunner.runLeaf(ParentRunner.java:325)
	at org.junit.runners.BlockJUnit4ClassRunner.runChild(BlockJUnit4ClassRunner.java:78)
	at org.junit.runners.BlockJUnit4ClassRunner.runChild(BlockJUnit4ClassRunner.java:57)
	at org.junit.runners.ParentRunner$3.run(ParentRunner.java:290)
	at org.junit.runners.ParentRunner$1.schedule(ParentRunner.java:71)
	at org.junit.runners.ParentRunner.runChildren(ParentRunner.java:288)
	at org.junit.runners.ParentRunner.access$000(ParentRunner.java:58)
	at org.junit.runners.ParentRunner$2.evaluate(ParentRunner.java:268)
	at org.junit.runners.ParentRunner.run(ParentRunner.java:363)
	at org.apache.maven.surefire.junit4.JUnit4TestSet.execute(JUnit4TestSet.java:53)
	at org.apache.maven.surefire.junit4.JUnit4Provider.executeTestSet(JUnit4Provider.java:123)
	at org.apache.maven.surefire.junit4.JUnit4Provider.invoke(JUnit4Provider.java:104)
	at sun.reflect.NativeMethodAccessorImpl.invoke0(Native Method)
	at sun.reflect.NativeMethodAccessorImpl.invoke(NativeMethodAccessorImpl.java:62)
	at sun.reflect.DelegatingMethodAccessorImpl.invoke(DelegatingMethodAccessorImpl.java:43)
	at java.lang.reflect.Method.invoke(Method.java:498)
	at org.apache.maven.surefire.util.ReflectionUtils.invokeMethodWithArray(ReflectionUtils.java:164)
	at org.apache.maven.surefire.booter.ProviderFactory$ProviderProxy.invoke(ProviderFactory.java:110)
	at org.apache.maven.surefire.booter.SurefireStarter.invokeProvider(SurefireStarter.java:175)
	at org.apache.maven.surefire.booter.SurefireStarter.runSuitesInProcessWhenForked(SurefireStarter.java:107)
	at org.apache.maven.surefire.booter.ForkedBooter.main(ForkedBooter.java:68)
</error>
  </testcase>
  <testcase classname="edu.eci.pdsw.samples.tests.EntradasForoTest" name="registroPacienteTest" time="0">
    <error message="Could not initialize class edu.eci.pdsw.samples.services.ServiciosForoDAOStub" type="java.lang.NoClassDefFoundError">java.lang.NoClassDefFoundError: Could not initialize class edu.eci.pdsw.samples.services.ServiciosForoDAOStub
	at edu.eci.pdsw.samples.tests.EntradasForoTest.setUp(EntradasForoTest.java:80)
	at sun.reflect.NativeMethodAccessorImpl.invoke0(Native Method)
	at sun.reflect.NativeMethodAccessorImpl.invoke(NativeMethodAccessorImpl.java:62)
	at sun.reflect.DelegatingMethodAccessorImpl.invoke(DelegatingMethodAccessorImpl.java:43)
	at java.lang.reflect.Method.invoke(Method.java:498)
	at org.junit.runners.model.FrameworkMethod$1.runReflectiveCall(FrameworkMethod.java:50)
	at org.junit.internal.runners.model.ReflectiveCallable.run(ReflectiveCallable.java:12)
	at org.junit.runners.model.FrameworkMethod.invokeExplosively(FrameworkMethod.java:47)
	at org.junit.internal.runners.statements.RunBefores.evaluate(RunBefores.java:24)
	at org.junit.runners.ParentRunner.runLeaf(ParentRunner.java:325)
	at org.junit.runners.BlockJUnit4ClassRunner.runChild(BlockJUnit4ClassRunner.java:78)
	at org.junit.runners.BlockJUnit4ClassRunner.runChild(BlockJUnit4ClassRunner.java:57)
	at org.junit.runners.ParentRunner$3.run(ParentRunner.java:290)
	at org.junit.runners.ParentRunner$1.schedule(ParentRunner.java:71)
	at org.junit.runners.ParentRunner.runChildren(ParentRunner.java:288)
	at org.junit.runners.ParentRunner.access$000(ParentRunner.java:58)
	at org.junit.runners.ParentRunner$2.evaluate(ParentRunner.java:268)
	at org.junit.runners.ParentRunner.run(ParentRunner.java:363)
	at org.apache.maven.surefire.junit4.JUnit4TestSet.execute(JUnit4TestSet.java:53)
	at org.apache.maven.surefire.junit4.JUnit4Provider.executeTestSet(JUnit4Provider.java:123)
	at org.apache.maven.surefire.junit4.JUnit4Provider.invoke(JUnit4Provider.java:104)
	at sun.reflect.NativeMethodAccessorImpl.invoke0(Native Method)
	at sun.reflect.NativeMethodAccessorImpl.invoke(NativeMethodAccessorImpl.java:62)
	at sun.reflect.DelegatingMethodAccessorImpl.invoke(DelegatingMethodAccessorImpl.java:43)
	at java.lang.reflect.Method.invoke(Method.java:498)
	at org.apache.maven.surefire.util.ReflectionUtils.invokeMethodWithArray(ReflectionUtils.java:164)
	at org.apache.maven.surefire.booter.ProviderFactory$ProviderProxy.invoke(ProviderFactory.java:110)
	at org.apache.maven.surefire.booter.SurefireStarter.invokeProvider(SurefireStarter.java:175)
	at org.apache.maven.surefire.booter.SurefireStarter.runSuitesInProcessWhenForked(SurefireStarter.java:107)
	at org.apache.maven.surefire.booter.ForkedBooter.main(ForkedBooter.java:68)
</error>
  </testcase>
</testsuite>